<?xml version="1.0" encoding="UTF-8"?>
<testng-results ignored="0" total="1" passed="1" failed="0" skipped="0">
  <reporter-output>
  </reporter-output>
  <suite started-at="2023-01-13T23:59:03 IST" name="Default suite" finished-at="2023-01-13T23:59:38 IST" duration-ms="34981">
    <groups>
    </groups>
    <test started-at="2023-01-13T23:59:03 IST" name="Default test" finished-at="2023-01-13T23:59:38 IST" duration-ms="34981">
      <class name="Module1Login_Test.w3SchoolsTest">
        <test-method is-config="true" signature="openBrowser()[pri:0, instance:Module1Login_Test.w3SchoolsTest@36916eb0]" started-at="2023-01-13T23:59:03 IST" name="openBrowser" finished-at="2023-01-13T23:59:16 IST" duration-ms="12683" status="PASS">
          <reporter-output>
          </reporter-output>
        </test-method> <!-- openBrowser -->
        <test-method is-config="true" signature="loginToApp()[pri:0, instance:Module1Login_Test.w3SchoolsTest@36916eb0]" started-at="2023-01-13T23:59:16 IST" name="loginToApp" finished-at="2023-01-13T23:59:17 IST" duration-ms="533" status="PASS">
          <reporter-output>
          </reporter-output>
        </test-method> <!-- loginToApp -->
        <test-method signature="verifyUserName()[pri:0, instance:Module1Login_Test.w3SchoolsTest@36916eb0]" started-at="2023-01-13T23:59:17 IST" name="verifyUserName" finished-at="2023-01-13T23:59:30 IST" duration-ms="13704" status="PASS">
          <reporter-output>
          </reporter-output>
        </test-method> <!-- verifyUserName -->
        <test-method is-config="true" signature="logoutFromApp(org.testng.ITestResult)[pri:0, instance:Module1Login_Test.w3SchoolsTest@36916eb0]" started-at="2023-01-13T23:59:30 IST" name="logoutFromApp" finished-at="2023-01-13T23:59:36 IST" duration-ms="5389" status="PASS">
          <params>
            <param index="0">
              <value>
                <![CDATA[[TestResult name=verifyUserName status=SUCCESS method=w3SchoolsTest.verifyUserName()[pri:0, instance:Module1Login_Test.w3SchoolsTest@36916eb0] output={null}]]]>
              </value>
            </param>
          </params>
          <reporter-output>
          </reporter-output>
        </test-method> <!-- logoutFromApp -->
        <test-method is-config="true" signature="closeBrowser()[pri:0, instance:Module1Login_Test.w3SchoolsTest@36916eb0]" started-at="2023-01-13T23:59:36 IST" name="closeBrowser" finished-at="2023-01-13T23:59:38 IST" duration-ms="2618" status="PASS">
          <reporter-output>
          </reporter-output>
        </test-method> <!-- closeBrowser -->
      </class> <!-- Module1Login_Test.w3SchoolsTest -->
    </test> <!-- Default test -->
  </suite> <!-- Default suite -->
</testng-results>
